<?xml version="1.0" encoding="UTF-8"?>
<!-- Generated by org.testng.reporters.JUnitReportReporter -->
<testsuite hostname="Ashus-MacBook-Air.local" name="channeltests.JoinChannelNewlyCreatedTest" tests="1" failures="0" timestamp="24 Aug 2019 09:15:41 GMT" time="15.040" errors="0">
  <testcase name="JoinChannel" time="15.040" classname="channeltests.JoinChannelNewlyCreatedTest"/>
</testsuite> <!-- channeltests.JoinChannelNewlyCreatedTest -->
