<?xml version="1.0" encoding="UTF-8"?>
<!-- Generated by org.testng.reporters.JUnitReportReporter -->
<testsuite hostname="Ashus-MacBook-Air.local" name="channeltests.RenameChannelTest" tests="1" failures="0" timestamp="24 Aug 2019 09:14:54 GMT" time="4.894" errors="0">
  <testcase name="EditChannelName" time="4.894" classname="channeltests.RenameChannelTest"/>
</testsuite> <!-- channeltests.RenameChannelTest -->
