<?xml version="1.0" encoding="UTF-8"?>
<!-- Generated by org.testng.reporters.JUnitReportReporter -->
<testsuite hostname="Ashus-MacBook-Air.local" name="channeltests.ListAllChannelAndVaildateRenameTest" tests="1" failures="0" timestamp="24 Aug 2019 09:20:45 GMT" time="4.607" errors="0">
  <testcase name="ListAllChannel" time="4.607" classname="channeltests.ListAllChannelAndVaildateRenameTest"/>
</testsuite> <!-- channeltests.ListAllChannelAndVaildateRenameTest -->
