<?xml version="1.0" encoding="UTF-8"?>
<!-- Generated by org.testng.reporters.JUnitReportReporter -->
<testsuite hostname="Ashus-MacBook-Air.local" name="channeltests.AddchanneltestApis" tests="1" failures="0" timestamp="24 Aug 2019 09:13:55 GMT" time="5.427" errors="0">
  <testcase name="AddChannel" time="5.427" classname="channeltests.AddchanneltestApis"/>
</testsuite> <!-- channeltests.AddchanneltestApis -->
